2024-03-24 19:21:47,662 INFO Set uid to user 0 succeeded
2024-03-24 19:21:47,670 INFO supervisord started with pid 1
2024-03-24 19:21:48,672 INFO spawned: 'nginx' with pid 7
2024-03-24 19:21:48,674 INFO spawned: 'php-fpm' with pid 8
2024-03-24 19:21:49,713 INFO success: nginx entered RUNNING state, process has stayed up for > than 1 seconds (startsecs)
2024-03-24 19:21:49,713 INFO success: php-fpm entered RUNNING state, process has stayed up for > than 1 seconds (startsecs)
2024-03-24 19:25:20,986 WARN received SIGTERM indicating exit request
2024-03-24 19:25:20,986 INFO waiting for nginx, php-fpm to die
2024-03-24 19:25:21,987 INFO stopped: php-fpm (exit status 0)
2024-03-24 19:25:22,093 INFO stopped: nginx (exit status 0)
2024-03-24 19:25:32,659 INFO Set uid to user 0 succeeded
2024-03-24 19:25:32,663 INFO supervisord started with pid 1
2024-03-24 19:25:33,667 INFO spawned: 'nginx' with pid 7
2024-03-24 19:25:33,669 INFO spawned: 'php-fpm' with pid 8
2024-03-24 19:25:34,706 INFO success: nginx entered RUNNING state, process has stayed up for > than 1 seconds (startsecs)
2024-03-24 19:25:34,707 INFO success: php-fpm entered RUNNING state, process has stayed up for > than 1 seconds (startsecs)
2024-03-24 19:45:26,188 WARN received SIGTERM indicating exit request
2024-03-24 19:45:26,188 INFO waiting for nginx, php-fpm to die
2024-03-24 19:45:27,190 INFO stopped: php-fpm (exit status 0)
2024-03-24 19:45:27,296 INFO stopped: nginx (exit status 0)
2024-03-24 20:24:13,991 INFO Set uid to user 0 succeeded
2024-03-24 20:24:13,993 INFO supervisord started with pid 1
2024-03-24 20:24:14,995 INFO spawned: 'nginx' with pid 7
2024-03-24 20:24:14,997 INFO spawned: 'php-fpm' with pid 8
2024-03-24 20:24:16,035 INFO success: nginx entered RUNNING state, process has stayed up for > than 1 seconds (startsecs)
2024-03-24 20:24:16,035 INFO success: php-fpm entered RUNNING state, process has stayed up for > than 1 seconds (startsecs)
2024-03-24 20:24:24,044 WARN received SIGTERM indicating exit request
2024-03-24 20:24:24,045 INFO waiting for nginx, php-fpm to die
2024-03-24 20:24:25,047 INFO stopped: php-fpm (exit status 0)
2024-03-24 20:24:25,132 INFO stopped: nginx (exit status 0)
2024-03-24 20:24:31,042 INFO Set uid to user 0 succeeded
2024-03-24 20:24:31,044 INFO supervisord started with pid 1
2024-03-24 20:24:32,048 INFO spawned: 'nginx' with pid 7
2024-03-24 20:24:32,049 INFO spawned: 'php-fpm' with pid 8
2024-03-24 20:24:33,078 INFO success: nginx entered RUNNING state, process has stayed up for > than 1 seconds (startsecs)
2024-03-24 20:24:33,078 INFO success: php-fpm entered RUNNING state, process has stayed up for > than 1 seconds (startsecs)
2024-03-24 20:49:26,830 WARN received SIGTERM indicating exit request
2024-03-24 20:49:26,830 INFO waiting for nginx, php-fpm to die
2024-03-24 20:49:27,832 INFO stopped: php-fpm (exit status 0)
2024-03-24 20:49:27,968 INFO stopped: nginx (exit status 0)
2024-03-24 20:49:29,037 INFO Set uid to user 0 succeeded
2024-03-24 20:49:29,040 INFO supervisord started with pid 1
2024-03-24 20:49:30,043 INFO spawned: 'nginx' with pid 7
2024-03-24 20:49:30,046 INFO spawned: 'php-fpm' with pid 8
2024-03-24 20:49:31,076 INFO success: nginx entered RUNNING state, process has stayed up for > than 1 seconds (startsecs)
2024-03-24 20:49:31,076 INFO success: php-fpm entered RUNNING state, process has stayed up for > than 1 seconds (startsecs)
2024-03-24 20:55:37,476 WARN received SIGTERM indicating exit request
2024-03-24 20:55:37,477 INFO waiting for nginx, php-fpm to die
2024-03-24 20:55:37,489 INFO stopped: php-fpm (exit status 0)
2024-03-24 20:55:37,616 INFO stopped: nginx (exit status 0)
2024-03-24 20:55:38,286 INFO Set uid to user 0 succeeded
2024-03-24 20:55:38,289 INFO supervisord started with pid 1
2024-03-24 20:55:39,292 INFO spawned: 'nginx' with pid 6
2024-03-24 20:55:39,295 INFO spawned: 'php-fpm' with pid 7
2024-03-24 20:55:40,332 INFO success: nginx entered RUNNING state, process has stayed up for > than 1 seconds (startsecs)
2024-03-24 20:55:40,332 INFO success: php-fpm entered RUNNING state, process has stayed up for > than 1 seconds (startsecs)
2024-03-24 20:55:47,342 INFO reaped unknown pid 47 (exit status 0)
2024-03-24 21:04:06,891 INFO reaped unknown pid 65 (exit status 0)
2024-03-24 21:18:21,846 INFO reaped unknown pid 101 (exit status 0)
2024-03-24 21:23:56,211 INFO reaped unknown pid 123 (exit status 0)
2024-03-24 21:32:20,754 WARN received SIGTERM indicating exit request
2024-03-24 21:32:20,754 INFO waiting for nginx, php-fpm to die
2024-03-24 21:32:20,771 INFO stopped: php-fpm (exit status 0)
2024-03-24 21:32:20,888 INFO stopped: nginx (exit status 0)
2024-03-24 21:32:29,492 INFO Set uid to user 0 succeeded
2024-03-24 21:32:29,495 INFO supervisord started with pid 1
2024-03-24 21:32:30,498 INFO spawned: 'nginx' with pid 7
2024-03-24 21:32:30,500 INFO spawned: 'php-fpm' with pid 8
2024-03-24 21:32:31,529 INFO success: nginx entered RUNNING state, process has stayed up for > than 1 seconds (startsecs)
2024-03-24 21:32:31,529 INFO success: php-fpm entered RUNNING state, process has stayed up for > than 1 seconds (startsecs)
2024-03-24 21:40:13,047 WARN received SIGTERM indicating exit request
2024-03-24 21:40:13,052 INFO waiting for nginx, php-fpm to die
2024-03-24 21:40:13,094 INFO stopped: php-fpm (exit status 0)
2024-03-24 21:40:13,197 INFO stopped: nginx (exit status 0)
2024-03-24 21:40:20,426 INFO Set uid to user 0 succeeded
2024-03-24 21:40:20,429 INFO supervisord started with pid 1
2024-03-24 21:40:21,431 INFO spawned: 'nginx' with pid 7
2024-03-24 21:40:21,433 INFO spawned: 'php-fpm' with pid 8
2024-03-24 21:40:22,461 INFO success: nginx entered RUNNING state, process has stayed up for > than 1 seconds (startsecs)
2024-03-24 21:40:22,462 INFO success: php-fpm entered RUNNING state, process has stayed up for > than 1 seconds (startsecs)
